<?xml version="1.0" encoding="UTF-8"?>
<!-- Generated by org.testng.reporters.JUnitXMLReporter -->
<testsuite ignored="0" hostname="wsb-007-74" failures="2" tests="8" name="testReturnsCorrectWord" time="0.003" errors="0" timestamp="2022-01-30T17:05:42 MSK">
  <testcase classname="CheckingWriteMethodTest" name="testReturnsCorrectWord" time="0.0"/>
  <testcase classname="CheckingWriteMethodTest" name="testReturnsCorrectWord" time="0.0"/>
  <testcase classname="CheckingWriteMethodTest" name="testReturnsCorrectWord" time="0.0"/>
  <testcase classname="CheckingWriteMethodTest" name="testReturnsCorrectWord" time="0.0"/>
  <testcase classname="CheckingWriteMethodTest" name="testReturnsCorrectWord" time="0.001"/>
  <testcase classname="CheckingWriteMethodTest" name="testReturnsCorrectWord" time="0.0"/>
  <testcase classname="CheckingWriteMethodTest" name="testReturnsCorrectWord" time="0.0">
    <failure type="java.lang.AssertionError">
      <![CDATA[java.lang.AssertionError
at CheckingWriteMethodTest.testReturnsCorrectWord(CheckingWriteMethodTest.java:29)
at java.base/java.util.ArrayList.forEach(ArrayList.java:1511)
... Removed 31 stack frames]]>
    </failure>
  </testcase> <!-- testReturnsCorrectWord -->
  <testcase classname="CheckingWriteMethodTest" name="testReturnsCorrectWord" time="0.001">
    <failure type="java.lang.StringIndexOutOfBoundsException" message="begin 0, end 300, length 3">
      <![CDATA[java.lang.StringIndexOutOfBoundsException: begin 0, end 300, length 3
at java.base/java.lang.String.checkBoundsBeginEnd(String.java:4601)
at java.base/java.lang.String.substring(String.java:2704)
at Pen.write(Pen.java:33)
at CheckingWriteMethodTest.testReturnsCorrectWord(CheckingWriteMethodTest.java:29)
at java.base/java.util.ArrayList.forEach(ArrayList.java:1511)
... Removed 31 stack frames]]>
    </failure>
  </testcase> <!-- testReturnsCorrectWord -->
</testsuite> <!-- testReturnsCorrectWord -->
