<?xml version="1.0" encoding="UTF-8"?>
<!-- Generated by org.testng.reporters.JUnitXMLReporter -->
<testsuite ignored="0" hostname="wsb-007-74" failures="0" tests="3" name="testNotNullResult" time="0.001" errors="0" timestamp="2022-01-29T18:56:26 MSK">
  <testcase classname="CheckingDoSomethingElseMethodTest" name="testNotNullResult" time="0.0"/>
  <testcase classname="CheckingDoSomethingElseMethodTest" name="testNotNullResult" time="0.0"/>
  <testcase classname="CheckingDoSomethingElseMethodTest" name="testNotNullResult" time="0.0"/>
</testsuite> <!-- testNotNullResult -->
