<?xml version="1.0" encoding="UTF-8"?>
<!-- Generated by org.testng.reporters.JUnitXMLReporter -->
<testsuite ignored="0" hostname="wsb-007-74" failures="0" tests="4" name="testPenWorkInability" time="0.002" errors="0" timestamp="2022-01-30T17:05:42 MSK">
  <testcase classname="CheckingIsWorkMethodTest" name="testPenWorkInability" time="0.0"/>
  <testcase classname="CheckingIsWorkMethodTest" name="testPenWorkInability" time="0.0"/>
  <testcase classname="CheckingIsWorkMethodTest" name="testPenWorkability" time="0.0"/>
  <testcase classname="CheckingIsWorkMethodTest" name="testPenWorkability" time="0.0"/>
</testsuite> <!-- testPenWorkInability -->
