<?xml version="1.0" encoding="UTF-8"?>
<testsuite xmlns:xsi="http://www.w3.org/2001/XMLSchema-instance" xsi:noNamespaceSchemaLocation="https://maven.apache.org/surefire/maven-surefire-plugin/xsd/surefire-test-report-3.0.xsd" version="3.0" name="TestSuite" time="0.541" tests="21" errors="0" skipped="0" failures="6">
  <properties>
[...]
</properties>
  <testcase name="testColor[100, 5.0, RED](1)" classname="CheckingGetColorMethodTest" time="0.004">
    <failure type="java.lang.AssertionError"><![CDATA[java.lang.AssertionError
	at CheckingGetColorMethodTest.testColor(CheckingGetColorMethodTest.java:9)
]]></failure>
    <system-err><![CDATA[log4j:WARN No appenders could be found for logger (org.testng.TestNG).
log4j:WARN Please initialize the log4j system properly.
log4j:WARN See http://logging.apache.org/log4j/1.2/faq.html#noconfig for more info.
]]></system-err>
  </testcase>
  <testcase name="testColor[100, 5.0, BLUE](1)" classname="CheckingGetColorMethodTest" time="0"/>
  <testcase name="testColor[100, 5.0, ](1)" classname="CheckingGetColorMethodTest" time="0">
    <failure type="java.lang.AssertionError"><![CDATA[java.lang.AssertionError
	at CheckingGetColorMethodTest.testColor(CheckingGetColorMethodTest.java:9)
]]></failure>
  </testcase>
  <testcase name="testPenWorkInability[0](1)" classname="CheckingIsWorkMethodTest" time="0"/>
  <testcase name="testPenWorkInability[0](1)" classname="CheckingIsWorkMethodTest" time="0"/>
  <testcase name="testPenWorkInability[-1](2)" classname="CheckingIsWorkMethodTest" time="0"/>
  <testcase name="testPenWorkInability[-1](2)" classname="CheckingIsWorkMethodTest" time="0.001"/>
  <testcase name="testPenWorkability[1](1)" classname="CheckingIsWorkMethodTest" time="0"/>
  <testcase name="testPenWorkability[1](1)" classname="CheckingIsWorkMethodTest" time="0"/>
  <testcase name="testPenWorkability[999](2)" classname="CheckingIsWorkMethodTest" time="0"/>
  <testcase name="testPenWorkability[999](2)" classname="CheckingIsWorkMethodTest" time="0"/>
  <testcase name="testReturnsCorrectWord[Horse, 0, 25](1)" classname="CheckingWriteMethodTest" time="0"/>
  <testcase name="testReturnsCorrectWord[Flowers, -1, -5.5](2)" classname="CheckingWriteMethodTest" time="0"/>
  <testcase name="testReturnsCorrectWord[Driver, 1, 1.0](3)" classname="CheckingWriteMethodTest" time="0"/>
  <testcase name="testReturnsCorrectWord[Comp, 4, 1.0](4)" classname="CheckingWriteMethodTest" time="0"/>
  <testcase name="testReturnsCorrectWord[Television, 15, 0.1](5)" classname="CheckingWriteMethodTest" time="0"/>
  <testcase name="testReturnsCorrectWord[b, 1, 0.25](6)" classname="CheckingWriteMethodTest" time="0"/>
  <testcase name="testReturnsCorrectWord[A book with images, 7, 0.75](7)" classname="CheckingWriteMethodTest" time="0.001">
    <failure type="java.lang.AssertionError"><![CDATA[java.lang.AssertionError
	at CheckingWriteMethodTest.testReturnsCorrectWord(CheckingWriteMethodTest.java:29)
]]></failure>
  </testcase>
  <testcase name="testReturnsCorrectWord[Dog, 300, 110.1](8)" classname="CheckingWriteMethodTest" time="0">
    <failure message="begin 0, end 300, length 3" type="java.lang.StringIndexOutOfBoundsException"><![CDATA[java.lang.StringIndexOutOfBoundsException: begin 0, end 300, length 3
	at CheckingWriteMethodTest.testReturnsCorrectWord(CheckingWriteMethodTest.java:29)
]]></failure>
  </testcase>
  <testcase name="testExpectedArithmeticException[Comp, 4, 0](1)" classname="CheckingWorkMethodTestThrowsArithmExceptionTest" time="0">
    <failure message="&#10;Method CheckingWorkMethodTestThrowsArithmExceptionTest.testExpectedArithmeticException(java.lang.String,int,double)[pri:0, instance:CheckingWorkMethodTestThrowsArithmExceptionTest@291ae] should have thrown an exception of type class java.lang.ArithmeticException" type="org.testng.TestException"><![CDATA[org.testng.TestException: 

Method CheckingWorkMethodTestThrowsArithmExceptionTest.testExpectedArithmeticException(java.lang.String,int,double)[pri:0, instance:CheckingWorkMethodTestThrowsArithmExceptionTest@291ae] should have thrown an exception of type class java.lang.ArithmeticException
]]></failure>
  </testcase>
  <testcase name="testExpectedArithmeticException[, 0, 0](2)" classname="CheckingWorkMethodTestThrowsArithmExceptionTest" time="0.001">
    <failure message="&#10;Method CheckingWorkMethodTestThrowsArithmExceptionTest.testExpectedArithmeticException(java.lang.String,int,double)[pri:0, instance:CheckingWorkMethodTestThrowsArithmExceptionTest@291ae] should have thrown an exception of type class java.lang.ArithmeticException" type="org.testng.TestException"><![CDATA[org.testng.TestException: 

Method CheckingWorkMethodTestThrowsArithmExceptionTest.testExpectedArithmeticException(java.lang.String,int,double)[pri:0, instance:CheckingWorkMethodTestThrowsArithmExceptionTest@291ae] should have thrown an exception of type class java.lang.ArithmeticException
]]></failure>
  </testcase>
</testsuite>