-------------------------------------------------------------------------------
Test set: TestSuite
-------------------------------------------------------------------------------
Tests run: 21, Failures: 6, Errors: 0, Skipped: 0, Time elapsed: 0.541 s <<< FAILURE! - in TestSuite
CheckingGetColorMethodTest.testColor[100, 5.0, RED](1)  Time elapsed: 0.004 s  <<< FAILURE!
java.lang.AssertionError
	at CheckingGetColorMethodTest.testColor(CheckingGetColorMethodTest.java:9)

CheckingGetColorMethodTest.testColor[100, 5.0, ](1)  Time elapsed: 0 s  <<< FAILURE!
java.lang.AssertionError
	at CheckingGetColorMethodTest.testColor(CheckingGetColorMethodTest.java:9)

CheckingWriteMethodTest.testReturnsCorrectWord[A book with images, 7, 0.75](7)  Time elapsed: 0.001 s  <<< FAILURE!
java.lang.AssertionError
	at CheckingWriteMethodTest.testReturnsCorrectWord(CheckingWriteMethodTest.java:29)

CheckingWriteMethodTest.testReturnsCorrectWord[Dog, 300, 110.1](8)  Time elapsed: 0 s  <<< FAILURE!
java.lang.StringIndexOutOfBoundsException: begin 0, end 300, length 3
	at CheckingWriteMethodTest.testReturnsCorrectWord(CheckingWriteMethodTest.java:29)

CheckingWorkMethodTestThrowsArithmExceptionTest.testExpectedArithmeticException[Comp, 4, 0](1)  Time elapsed: 0 s  <<< FAILURE!
org.testng.TestException: 

Method CheckingWorkMethodTestThrowsArithmExceptionTest.testExpectedArithmeticException(java.lang.String,int,double)[pri:0, instance:CheckingWorkMethodTestThrowsArithmExceptionTest@291ae] should have thrown an exception of type class java.lang.ArithmeticException

CheckingWorkMethodTestThrowsArithmExceptionTest.testExpectedArithmeticException[, 0, 0](2)  Time elapsed: 0.001 s  <<< FAILURE!
org.testng.TestException: 

Method CheckingWorkMethodTestThrowsArithmExceptionTest.testExpectedArithmeticException(java.lang.String,int,double)[pri:0, instance:CheckingWorkMethodTestThrowsArithmExceptionTest@291ae] should have thrown an exception of type class java.lang.ArithmeticException

