<?xml version="1.0" encoding="UTF-8"?>
<testsuite xmlns:xsi="http://www.w3.org/2001/XMLSchema-instance" xsi:noNamespaceSchemaLocation="https://maven.apache.org/surefire/maven-surefire-plugin/xsd/surefire-test-report-3.0.xsd" version="3.0" name="TestSuite" time="0.632" tests="32" errors="0" skipped="0" failures="5">
  <properties>
[...]
</properties>
  <testcase name="testColor[100, 5.0, RED](1)" classname="CheckingGetColorMethodTest" time="0.005">
    <failure type="java.lang.AssertionError"><![CDATA[java.lang.AssertionError
	at CheckingGetColorMethodTest.testColor(CheckingGetColorMethodTest.java:9)
]]></failure>
    <system-err><![CDATA[log4j:WARN No appenders could be found for logger (org.testng.TestNG).
log4j:WARN Please initialize the log4j system properly.
log4j:WARN See http://logging.apache.org/log4j/1.2/faq.html#noconfig for more info.
]]></system-err>
  </testcase>
  <testcase name="testColor[100, 5.0, BLUE](1)" classname="CheckingGetColorMethodTest" time="0"/>
  <testcase name="testColor[100, 5.0, ](1)" classname="CheckingGetColorMethodTest" time="0">
    <failure type="java.lang.AssertionError"><![CDATA[java.lang.AssertionError
	at CheckingGetColorMethodTest.testColor(CheckingGetColorMethodTest.java:9)
]]></failure>
  </testcase>
  <testcase name="testPenWorkInability[0](1)" classname="CheckingIsWorkMethodTest" time="0"/>
  <testcase name="testPenWorkInability[0](1)" classname="CheckingIsWorkMethodTest" time="0.001"/>
  <testcase name="testPenWorkInability[-1](2)" classname="CheckingIsWorkMethodTest" time="0"/>
  <testcase name="testPenWorkInability[-1](2)" classname="CheckingIsWorkMethodTest" time="0"/>
  <testcase name="testPenWorkability[1](1)" classname="CheckingIsWorkMethodTest" time="0"/>
  <testcase name="testPenWorkability[1](1)" classname="CheckingIsWorkMethodTest" time="0"/>
  <testcase name="testPenWorkability[1000](2)" classname="CheckingIsWorkMethodTest" time="0"/>
  <testcase name="testPenWorkability[1000](2)" classname="CheckingIsWorkMethodTest" time="0"/>
  <testcase name="testWritePartOfWord[Dog, 3, 1.1](1)" classname="CheckingWriteMethodPartOfWordTest" time="0.002">
    <failure message="expected [Do] but found [Dog]" type="java.lang.AssertionError"><![CDATA[java.lang.AssertionError: expected [Do] but found [Dog]
	at CheckingWriteMethodPartOfWordTest.testWritePartOfWord(CheckingWriteMethodPartOfWordTest.java:21)
]]></failure>
  </testcase>
  <testcase name="testWritePartOfWord[Driver, 1, 1.0](2)" classname="CheckingWriteMethodPartOfWordTest" time="0.001"/>
  <testcase name="testWritePartOfWord[A book with images, 7, 0.75](3)" classname="CheckingWriteMethodPartOfWordTest" time="0">
    <failure message="expected [A book wi] but found [A book ]" type="java.lang.AssertionError"><![CDATA[java.lang.AssertionError: expected [A book wi] but found [A book ]
	at CheckingWriteMethodPartOfWordTest.testWritePartOfWord(CheckingWriteMethodPartOfWordTest.java:21)
]]></failure>
  </testcase>
  <testcase name="testWriteCompleteWord[Comp, 4, 1.0](1)" classname="CheckingWriteMethodCompleteWordTest" time="0"/>
  <testcase name="testWriteCompleteWord[Television, 15, 0.3](2)" classname="CheckingWriteMethodCompleteWordTest" time="0"/>
  <testcase name="testWriteCompleteWord[b, 1, 0.25](3)" classname="CheckingWriteMethodCompleteWordTest" time="0"/>
  <testcase name="testReturnsEmptyWord[Horse, 0](1)" classname="CheckingWriteMethodEmptyInkTest" time="0"/>
  <testcase name="testReturnsEmptyWord[Horse, 0](1)" classname="CheckingWriteMethodEmptyInkTest" time="0"/>
  <testcase name="testReturnsEmptyWord[Dog, -1](2)" classname="CheckingWriteMethodEmptyInkTest" time="0"/>
  <testcase name="testReturnsEmptyWord[Dog, -1](2)" classname="CheckingWriteMethodEmptyInkTest" time="0"/>
  <testcase name="testReturnsNotEmptyWord[H, 1](1)" classname="CheckingWriteMethodEmptyInkTest" time="0"/>
  <testcase name="testReturnsNotEmptyWord[H, 1](1)" classname="CheckingWriteMethodEmptyInkTest" time="0"/>
  <testcase name="testReturnsNotEmptyWord[Life, 5](2)" classname="CheckingWriteMethodEmptyInkTest" time="0"/>
  <testcase name="testReturnsNotEmptyWord[Life, 5](2)" classname="CheckingWriteMethodEmptyInkTest" time="0"/>
  <testcase name="testInkAmountAfterTyping[Cat, 5, 1.0](1)" classname="CheckingInkAmountAfterTypingTest" time="0"/>
  <testcase name="testInkAmountAfterTyping[Horse, 1, 0.5](2)" classname="CheckingInkAmountAfterTypingTest" time="0.001">
    <failure message="expected [-1] but found [0]" type="java.lang.AssertionError"><![CDATA[java.lang.AssertionError: expected [-1] but found [0]
	at CheckingInkAmountAfterTypingTest.testInkAmountAfterTyping(CheckingInkAmountAfterTypingTest.java:21)
]]></failure>
  </testcase>
  <testcase name="testInkAmountAfterTyping[The mouse, 7, 0](3)" classname="CheckingInkAmountAfterTypingTest" time="0"/>
  <testcase name="testInkAmountAfterTyping[, 10, 2.5](4)" classname="CheckingInkAmountAfterTypingTest" time="0"/>
  <testcase name="testNotNullResult[5, 1.0, RED](1)" classname="CheckingDoSomethingElseMethodTest" time="0"/>
  <testcase name="testNotNullResult[1, 0.5, GREEN](2)" classname="CheckingDoSomethingElseMethodTest" time="0"/>
  <testcase name="testNotNullResult[7, 0, ](3)" classname="CheckingDoSomethingElseMethodTest" time="0"/>
</testsuite>