-------------------------------------------------------------------------------
Test set: TestSuite
-------------------------------------------------------------------------------
Tests run: 32, Failures: 5, Errors: 0, Skipped: 0, Time elapsed: 0.632 s <<< FAILURE! - in TestSuite
CheckingGetColorMethodTest.testColor[100, 5.0, RED](1)  Time elapsed: 0.005 s  <<< FAILURE!
java.lang.AssertionError
	at CheckingGetColorMethodTest.testColor(CheckingGetColorMethodTest.java:9)

CheckingGetColorMethodTest.testColor[100, 5.0, ](1)  Time elapsed: 0 s  <<< FAILURE!
java.lang.AssertionError
	at CheckingGetColorMethodTest.testColor(CheckingGetColorMethodTest.java:9)

CheckingWriteMethodPartOfWordTest.testWritePartOfWord[Dog, 3, 1.1](1)  Time elapsed: 0.002 s  <<< FAILURE!
java.lang.AssertionError: expected [Do] but found [Dog]
	at CheckingWriteMethodPartOfWordTest.testWritePartOfWord(CheckingWriteMethodPartOfWordTest.java:21)

CheckingWriteMethodPartOfWordTest.testWritePartOfWord[A book with images, 7, 0.75](3)  Time elapsed: 0 s  <<< FAILURE!
java.lang.AssertionError: expected [A book wi] but found [A book ]
	at CheckingWriteMethodPartOfWordTest.testWritePartOfWord(CheckingWriteMethodPartOfWordTest.java:21)

CheckingInkAmountAfterTypingTest.testInkAmountAfterTyping[Horse, 1, 0.5](2)  Time elapsed: 0.001 s  <<< FAILURE!
java.lang.AssertionError: expected [-1] but found [0]
	at CheckingInkAmountAfterTypingTest.testInkAmountAfterTyping(CheckingInkAmountAfterTypingTest.java:21)

