<?xml version="1.0" encoding="UTF-8"?>
<!-- Generated by org.testng.reporters.JUnitXMLReporter -->
<testsuite ignored="0" hostname="wsb-007-74" failures="0" tests="3" name="testWriteCompleteWord" time="0.005" errors="0" timestamp="2022-01-29T18:56:26 MSK">
  <testcase classname="CheckingWriteMethodCompleteWordTest" name="testWriteCompleteWord" time="0.003"/>
  <testcase classname="CheckingWriteMethodCompleteWordTest" name="testWriteCompleteWord" time="0.0"/>
  <testcase classname="CheckingWriteMethodCompleteWordTest" name="testWriteCompleteWord" time="0.0"/>
</testsuite> <!-- testWriteCompleteWord -->
